<?xml version="1.0" encoding="UTF-8"?>
<!-- Generated by org.testng.reporters.JUnitXMLReporter -->
<testsuite hostname="DESKTOP-5KR3QEN" ignored="0" name="Test_Chrome " tests="1" failures="0" timestamp="2022-07-11T01:41:22 IST" time="21.668" errors="0">
  <testcase name="@BeforeMethod setUp" time="20.139" classname="Com.Utility.BaseClass">
    <failure type="java.lang.NullPointerException">
      <![CDATA[java.lang.NullPointerException
at Com.Utility.BaseClass.setUp(BaseClass.java:45)
at java.util.ArrayList.forEach(Unknown Source)
... Removed 31 stack frames]]>
    </failure>
  </testcase> <!-- @BeforeMethod setUp -->
  <testcase name="@AfterMethod tearDown" time="-1.657483882671E9" classname="Com.Utility.BaseClass">
    <skipped/>
  </testcase> <!-- @AfterMethod tearDown -->
  <testcase name="verifyLoginPage" time="0.0" classname="Com.LoginTest.Test_001">
    <skipped/>
  </testcase> <!-- verifyLoginPage -->
</testsuite> <!-- Test_Chrome  -->
