<?xml version="1.0" encoding="UTF-8"?>
<testng-results skipped="0" failed="0" ignored="0" total="2" passed="2">
  <reporter-output>
  </reporter-output>
  <suite name="Suite" duration-ms="216904" started-at="2022-07-11T20:54:30 IST" finished-at="2022-07-11T20:58:07 IST">
    <groups>
    </groups>
    <test name="Test_Chrome" duration-ms="42678" started-at="2022-07-11T20:54:30 IST" finished-at="2022-07-11T20:55:13 IST">
      <class name="Com.LoginTest.Test_001">
        <test-method status="PASS" signature="setUp(java.lang.String)[pri:0, instance:Com.LoginTest.Test_001@612679d6]" name="setUp" is-config="true" duration-ms="30333" started-at="2022-07-11T20:54:30 IST" finished-at="2022-07-11T20:55:00 IST">
          <params>
            <param index="0">
              <value>
                <![CDATA[Chrome]]>
              </value>
            </param>
          </params>
          <reporter-output>
          </reporter-output>
        </test-method> <!-- setUp -->
        <test-method status="PASS" signature="verifyLoginPage()[pri:0, instance:Com.LoginTest.Test_001@612679d6]" name="verifyLoginPage" duration-ms="11834" started-at="2022-07-11T20:55:00 IST" finished-at="2022-07-11T20:55:12 IST">
          <reporter-output>
          </reporter-output>
        </test-method> <!-- verifyLoginPage -->
        <test-method status="PASS" signature="tearDown()[pri:0, instance:Com.LoginTest.Test_001@612679d6]" name="tearDown" is-config="true" duration-ms="0" started-at="2022-07-11T20:55:13 IST" finished-at="2022-07-11T20:55:13 IST">
          <reporter-output>
          </reporter-output>
        </test-method> <!-- tearDown -->
      </class> <!-- Com.LoginTest.Test_001 -->
    </test> <!-- Test_Chrome -->
    <test name="Test_Edge " duration-ms="171660" started-at="2022-07-11T20:55:15 IST" finished-at="2022-07-11T20:58:07 IST">
      <class name="Com.LoginTest.Test_001">
        <test-method status="PASS" signature="startSetUp()[pri:0, instance:Com.LoginTest.Test_001@a74868d]" name="startSetUp" is-config="true" duration-ms="1045" started-at="2022-07-11T20:54:29 IST" finished-at="2022-07-11T20:54:30 IST">
          <reporter-output>
          </reporter-output>
        </test-method> <!-- startSetUp -->
        <test-method status="PASS" signature="setUp(java.lang.String)[pri:0, instance:Com.LoginTest.Test_001@a74868d]" name="setUp" is-config="true" duration-ms="149216" started-at="2022-07-11T20:55:15 IST" finished-at="2022-07-11T20:57:45 IST">
          <params>
            <param index="0">
              <value>
                <![CDATA[Edge]]>
              </value>
            </param>
          </params>
          <reporter-output>
          </reporter-output>
        </test-method> <!-- setUp -->
        <test-method status="PASS" signature="verifyLoginPage()[pri:0, instance:Com.LoginTest.Test_001@a74868d]" name="verifyLoginPage" duration-ms="22426" started-at="2022-07-11T20:57:45 IST" finished-at="2022-07-11T20:58:07 IST">
          <reporter-output>
          </reporter-output>
        </test-method> <!-- verifyLoginPage -->
        <test-method status="PASS" signature="tearDown()[pri:0, instance:Com.LoginTest.Test_001@a74868d]" name="tearDown" is-config="true" duration-ms="1" started-at="2022-07-11T20:58:07 IST" finished-at="2022-07-11T20:58:07 IST">
          <reporter-output>
          </reporter-output>
        </test-method> <!-- tearDown -->
      </class> <!-- Com.LoginTest.Test_001 -->
    </test> <!-- Test_Edge  -->
  </suite> <!-- Suite -->
</testng-results>
